Arguments: 
  C:\Program Files\nodejs\node.exe C:\Program Files (x86)\Yarn\bin\yarn.js install

PATH: 
  C:\Users\harsh\Documents\frontend\node_modules\.bin;C:\Program Files (x86)\Common Files\Oracle\Java\javapath;C:\windows\system32;C:\windows;C:\windows\System32\Wbem;C:\windows\System32\WindowsPowerShell\v1.0\;C:\windows\System32\OpenSSH\;C:\Program Files\Git\cmd;C:\Program Files\apache-maven-3.6.3-bin\apache-maven-3.6.3\bin;C:\Program Files\Java\jdk1.8.0_241\bin;C:\Spark\spark-2.4.5-bin-hadoop2.7\bin;C:\Spark\spark-2.4.5-bin-hadoop2.7\bin;C:\Program Files\nodejs\;C:\Program Files (x86)\Yarn\bin\;C:\Program Files\MySQL\MySQL Shell 8.0\bin\;C:\Users\harsh\anaconda3;C:\Users\harsh\anaconda3\Library\mingw-w64\bin;C:\Users\harsh\anaconda3\Library\usr\bin;C:\Users\harsh\anaconda3\Library\bin;C:\Users\harsh\anaconda3\Scripts;C:\Users\harsh\AppData\Local\Programs\Python\Python37\Scripts\;C:\Users\harsh\AppData\Local\Programs\Python\Python37\;C:\Users\harsh\AppData\Local\Microsoft\WindowsApps;C:\Program Files\JetBrains\PyCharm Community Edition 2019.3.3\bin;;C:\Program Files\JetBrains\IntelliJ IDEA Community Edition 2019.3.3\bin;;C:\Program Files\JetBrains\PyCharm 2020.1\bin;;C:\Users\harsh\AppData\Local\Pandoc\;C:\Users\harsh\AppData\Local\Programs\MiKTeX 2.9\miktex\bin\x64\;C:\Users\harsh\AppData\Roaming\npm;C:\Users\harsh\AppData\Local\Yarn\bin

Yarn version: 
  1.22.4

Node version: 
  12.16.3

Platform: 
  win32 x64

Trace: 
  Error: EPERM: operation not permitted, unlink 'C:\Users\harsh\Documents\frontend\node_modules\babel-loader\lib'

npm manifest: 
  {
    "main": "node_modules/expo/AppEntry.js",
    "scripts": {
      "start": "expo start",
      "android": "expo start --android",
      "ios": "expo start --ios",
      "web": "expo start --web",
      "eject": "expo eject"
    },
    "dependencies": {
      "@material-ui/icons": "^4.9.1",
      "@react-native-community/masked-view": "0.1.6",
      "@react-navigation/native": "^5.5.1",
      "@react-navigation/stack": "^5.5.1",
      "expo": "^37.0.12",
      "expo-cli": "^3.21.3",
      "expo-image-picker": "~8.1.0",
      "react": "~16.9.0",
      "react-dom": "~16.9.0",
      "react-native": "https://github.com/expo/react-native/archive/sdk-37.0.1.tar.gz",
      "react-native-elements": "^2.0.2",
      "react-native-gesture-handler": "^1.6.1",
      "react-native-image-picker": "^0.28.1",
      "react-native-material-ui": "^1.30.1",
      "react-native-reanimated": "~1.7.0",
      "react-native-safe-area-context": "0.7.3",
      "react-native-screens": "~2.2.0",
      "react-native-super-grid": "^3.2.0",
      "react-native-web": "~0.11.7",
      "react-navigation": "^4.3.9",
      "rn-bottom-drawer": "^1.4.3"
    },
    "devDependencies": {
      "@babel/core": "^7.8.6",
      "@material-ui/core": "^4.10.0",
      "babel-preset-expo": "~8.1.0"
    },
    "private": true
  }

yarn manifest: 
  No manifest

Lockfile: 
  No lockfile
